Arguments: 
  /Users/malinsvensson/.nvm/versions/node/v15.7.0/bin/node /Users/malinsvensson/.nvm/versions/node/v15.7.0/bin/yarn

PATH: 
  /Users/malinsvensson/.nvm/versions/node/v15.7.0/bin:/usr/local/bin:/usr/bin:/bin:/usr/sbin:/sbin

Yarn version: 
  1.22.10

Node version: 
  15.7.0

Platform: 
  darwin x64

Trace: 
  Error: EIO: i/o error, copyfile '/Users/malinsvensson/Library/Caches/Yarn/v6/npm-p-finally-2.0.1-bd6fcaa9c559a096b680806f4d657b3f0f240561-integrity/node_modules/p-finally/license' -> '/Users/malinsvensson/codeoppt4/fspt4-milestone-five-jbrcodes/node_modules/p-finally/license'

npm manifest: 
  {
    "name": "testweekfive",
    "version": "0.0.0",
    "author": "Germinal Camps for CodeOp",
    "private": true,
    "scripts": {
      "start": "nodemon ./bin/www",
      "migrate": "node model/database"
    },
    "husky": {
      "hooks": {
        "pre-commit": "pretty-quick --staged"
      }
    },
    "dependencies": {
      "cookie-parser": "~1.4.4",
      "cors": "^2.8.5",
      "debug": "~2.6.9",
      "dotenv": "^8.0.0",
      "express": "~4.16.1",
      "http-errors": "~1.6.3",
      "husky": "^4.2.1",
      "morgan": "~1.9.1",
      "mysql": "^2.17.1",
      "nodemon": "^1.19.1",
      "prettier": "^1.19.1",
      "pretty-quick": "^2.0.1"
    }
  }

yarn manifest: 
  No manifest

Lockfile: 
  No lockfile
